-------------------------------------------------------------------------------
Test set: com.omar.service.DiscountserviceTest
-------------------------------------------------------------------------------
Tests run: 1, Failures: 0, Errors: 1, Skipped: 0, Time elapsed: 0.005 s <<< FAILURE! - in com.omar.service.DiscountserviceTest
initializationError  Time elapsed: 0.004 s  <<< ERROR!
java.lang.NoClassDefFoundError: com/omar/service/DiscountService (wrong name: com/omar/Service/DiscountService)

